<?xml version="1.0" encoding="UTF-8"?>
<!-- Generated by org.testng.reporters.JUnitReportReporter -->
<testsuite hostname="DESKTOP-22SU8QC" failures="0" tests="5" name="test.Login" time="86.066" errors="0" timestamp="17 Nov 2022 13:20:14 GMT">
  <testcase classname="test.Login" name="inicioSesionCampoIncompleto" time="12.816"/>
  <testcase classname="test.Login" name="inicioSesionUsuarioInvalido" time="27.193"/>
  <testcase classname="test.Login" name="inicioSesionValido" time="13.183"/>
  <testcase classname="test.Login" name="inicioSesionClaveInvalida" time="13.655"/>
  <testcase classname="test.Login" name="inicioSesionClaveCorta" time="19.219"/>
</testsuite> <!-- test.Login -->
