<?xml version="1.0" encoding="UTF-8"?>
<!-- Generated by org.testng.reporters.JUnitReportReporter -->
<testsuite hostname="DESKTOP-22SU8QC" failures="0" tests="2" name="test.FormularioUbicacion" time="129.465" errors="0" timestamp="17 Oct 2022 22:12:45 GMT">
  <testcase classname="test.FormularioUbicacion" name="completarUbicacionValida" time="70.223"/>
  <testcase classname="test.FormularioUbicacion" name="completarUbicacionInvalida" time="59.242"/>
</testsuite> <!-- test.FormularioUbicacion -->
