<?xml version="1.0" encoding="UTF-8"?>
<!-- Generated by org.testng.reporters.JUnitReportReporter -->
<testsuite hostname="DESKTOP-22SU8QC" failures="0" tests="3" name="testLogin.Login" time="30.248" errors="0" timestamp="1 Oct 2022 14:49:30 GMT">
  <testcase classname="testLogin.Login" name="inicioSesionClaveInvalida" time="9.347"/>
  <testcase classname="testLogin.Login" name="inicioSesionUsuarioInvalido" time="10.578"/>
  <testcase classname="testLogin.Login" name="inicioSesionValido" time="10.323"/>
</testsuite> <!-- testLogin.Login -->
