<?xml version="1.0" encoding="UTF-8"?>
<!-- Generated by org.testng.reporters.JUnitReportReporter -->
<testsuite hostname="DESKTOP-22SU8QC" failures="0" tests="2" name="test.Registro" time="27.167" errors="0" timestamp="1 Oct 2022 16:55:41 GMT">
  <testcase classname="test.Registro" name="registrarUsuarioExistente" time="12.195"/>
  <testcase classname="test.Registro" name="registraNuevoUsuario" time="14.972"/>
</testsuite> <!-- test.Registro -->
