<?xml version="1.0" encoding="UTF-8"?>
<!-- Generated by org.testng.reporters.JUnitReportReporter -->
<testsuite hostname="DESKTOP-22SU8QC" failures="0" tests="1" name="test.Formularios" time="58.317" errors="0" timestamp="19 Nov 2022 16:36:27 GMT">
  <testcase classname="test.Formularios" name="rellenarFormularioCompleto" time="58.317"/>
</testsuite> <!-- test.Formularios -->
