<?xml version="1.0" encoding="UTF-8"?>
<!-- Generated by org.testng.reporters.JUnitReportReporter -->
<testsuite hostname="DESKTOP-22SU8QC" failures="0" tests="1" name="test.ExplorarMapeo" time="33.793" errors="0" timestamp="17 Nov 2022 13:20:14 GMT">
  <testcase classname="test.ExplorarMapeo" name="explorarMapeo" time="33.793"/>
</testsuite> <!-- test.ExplorarMapeo -->
